<?xml version="1.0" encoding="UTF-8"?>
<!-- Generated by org.testng.reporters.JUnitXMLReporter -->
<testsuite hostname="INHYLNAVATHAK" ignored="0" name="Deelnemer Page Test" tests="2" failures="0" timestamp="16 Mar 2018 06:26:09 GMT" time="31.162" errors="0">
  <testcase name="tc_1_clickAndVerifyDeelnemer" time="3.597" classname="eduarte.modulestestcase.deelnemer.DeelnemerTest"/>
  <testcase name="tc_2_addNewDeelnemer_withAllMandatoryFields" time="16.378" classname="eduarte.modulestestcase.deelnemer.DeelnemerTest"/>
</testsuite> <!-- Deelnemer Page Test -->
