<?xml version="1.0" encoding="UTF-8"?>
<!-- Generated by org.testng.reporters.JUnitXMLReporter -->
<testsuite hostname="INHYLNAVATHAK" ignored="0" name="Home Page Test" tests="2" failures="0" timestamp="16 Mar 2018 06:25:53 GMT" time="14.953" errors="0">
  <testcase name="TC_03_VerifyHomePage" time="0.021" classname="eduarte.modulestestcase.home.HomePageTest"/>
  <testcase name="TC_04_logOut" time="2.02" classname="eduarte.modulestestcase.home.HomePageTest"/>
</testsuite> <!-- Home Page Test -->
