<?xml version="1.0" encoding="UTF-8"?>
<!-- Generated by org.testng.reporters.JUnitXMLReporter -->
<testsuite hostname="INHYLNAVATHAK" ignored="0" name="Login Page Test" tests="3" failures="0" timestamp="16 Mar 2018 06:25:54 GMT" time="16.219" errors="0">
  <testcase name="tc_01_VerifyLoginPage" time="0.026" classname="eduarte.moduletestcase.login.LoginPageTest_TestNG"/>
  <testcase name="tc_02_successfulLogin" time="10.471" classname="eduarte.moduletestcase.login.LoginPageTest_TestNG"/>
  <testcase name="tc_03_logOut" time="1.807" classname="eduarte.moduletestcase.login.LoginPageTest_TestNG"/>
</testsuite> <!-- Login Page Test -->
