<?xml version="1.0" encoding="UTF-8"?>
<!-- Generated by org.testng.reporters.JUnitXMLReporter -->
<testsuite hostname="INHYLNAVATHAK" ignored="0" name="Login Page Test" tests="3" failures="0" timestamp="22 Jun 2019 09:52:22 GMT" time="26.665" errors="0">
  <testcase name="TC_01_verifyHomePage" time="0.125" classname="imdb.moduletestcase.createaccountsignin.CreateAccountPageTest"/>
  <testcase name="TC_02_clickOnSignIn" time="3.769" classname="imdb.moduletestcase.createaccountsignin.CreateAccountPageTest"/>
  <testcase name="TC_03_createAccount" time="16.305" classname="imdb.moduletestcase.createaccountsignin.CreateAccountPageTest"/>
</testsuite> <!-- Login Page Test -->
