<?xml version="1.0" encoding="UTF-8"?>
<!-- Generated by org.testng.reporters.JUnitXMLReporter -->
<testsuite hostname="INHYLNAVATHAK" ignored="0" name="Default test" tests="6" failures="0" timestamp="22 Jun 2019 08:51:11 GMT" time="67.604" errors="0">
  <testcase name="TC_01_verifyHomePage" time="0.031" classname="imdb.moduletestcase.createaccountsignin.CreateAccountPageValidations"/>
  <testcase name="TC_02_clickOnSignInWithOutEnteringanyValues" time="7.374" classname="imdb.moduletestcase.createaccountsignin.CreateAccountPageValidations"/>
  <testcase name="TC_03_verifyWithMisMatchPassword" time="14.586" classname="imdb.moduletestcase.createaccountsignin.CreateAccountPageValidations"/>
  <testcase name="TC_04_VerifyExistingEmailAccount" time="14.887" classname="imdb.moduletestcase.createaccountsignin.CreateAccountPageValidations"/>
  <testcase name="TC_05_VerifyInvalidEmail" time="13.865" classname="imdb.moduletestcase.createaccountsignin.CreateAccountPageValidations"/>
  <testcase name="TC_06_signInWithExistingUser" time="12.89" classname="imdb.moduletestcase.createaccountsignin.CreateAccountPageValidations"/>
</testsuite> <!-- Default test -->
