<?xml version="1.0" encoding="UTF-8"?>
<testng-results skipped="0" failed="0" ignored="0" total="7" passed="7">
  <reporter-output>
  </reporter-output>
  <suite name="Login" duration-ms="31168" started-at="2018-03-16T06:25:38Z" finished-at="2018-03-16T06:26:09Z">
    <groups>
    </groups>
    <test name="Home Page Test" duration-ms="14953" started-at="2018-03-16T06:25:38Z" finished-at="2018-03-16T06:25:53Z">
      <class name="eduarte.modulestestcase.home.HomePageTest">
        <test-method status="PASS" signature="LaunchBrowser()[pri:0, instance:eduarte.modulestestcase.home.HomePageTest@5c7933ad]" name="LaunchBrowser" is-config="true" duration-ms="10359" started-at="2018-03-16T11:55:38Z" finished-at="2018-03-16T11:55:48Z">
          <reporter-output>
          </reporter-output>
        </test-method> <!-- LaunchBrowser -->
        <test-method status="PASS" signature="TC_03_VerifyHomePage()[pri:0, instance:eduarte.modulestestcase.home.HomePageTest@5c7933ad]" name="TC_03_VerifyHomePage" duration-ms="21" started-at="2018-03-16T11:55:48Z" finished-at="2018-03-16T11:55:48Z">
          <reporter-output>
          </reporter-output>
        </test-method> <!-- TC_03_VerifyHomePage -->
        <test-method status="PASS" signature="TC_04_logOut()[pri:0, instance:eduarte.modulestestcase.home.HomePageTest@5c7933ad]" name="TC_04_logOut" duration-ms="2020" started-at="2018-03-16T11:55:48Z" finished-at="2018-03-16T11:55:50Z">
          <reporter-output>
          </reporter-output>
        </test-method> <!-- TC_04_logOut -->
        <test-method status="PASS" signature="tearBrowser()[pri:0, instance:eduarte.modulestestcase.home.HomePageTest@5c7933ad]" name="tearBrowser" is-config="true" duration-ms="2543" started-at="2018-03-16T11:55:50Z" finished-at="2018-03-16T11:55:53Z">
          <reporter-output>
          </reporter-output>
        </test-method> <!-- tearBrowser -->
      </class> <!-- eduarte.modulestestcase.home.HomePageTest -->
    </test> <!-- Home Page Test -->
    <test name="Login Page Test" duration-ms="16219" started-at="2018-03-16T06:25:38Z" finished-at="2018-03-16T06:25:54Z">
      <class name="eduarte.moduletestcase.login.LoginPageTest_TestNG">
        <test-method status="PASS" signature="LaunchBrowser()[pri:0, instance:eduarte.moduletestcase.login.LoginPageTest_TestNG@4007f65e]" name="LaunchBrowser" is-config="true" duration-ms="3561" started-at="2018-03-16T11:55:38Z" finished-at="2018-03-16T11:55:41Z">
          <reporter-output>
          </reporter-output>
        </test-method> <!-- LaunchBrowser -->
        <test-method status="PASS" signature="tc_01_VerifyLoginPage()[pri:1, instance:eduarte.moduletestcase.login.LoginPageTest_TestNG@4007f65e]" name="tc_01_VerifyLoginPage" duration-ms="26" started-at="2018-03-16T11:55:41Z" finished-at="2018-03-16T11:55:41Z">
          <reporter-output>
          </reporter-output>
        </test-method> <!-- tc_01_VerifyLoginPage -->
        <test-method status="PASS" signature="tc_02_successfulLogin()[pri:2, instance:eduarte.moduletestcase.login.LoginPageTest_TestNG@4007f65e]" name="tc_02_successfulLogin" duration-ms="10471" started-at="2018-03-16T11:55:41Z" finished-at="2018-03-16T11:55:52Z">
          <reporter-output>
          </reporter-output>
        </test-method> <!-- tc_02_successfulLogin -->
        <test-method status="PASS" signature="tc_03_logOut()[pri:3, instance:eduarte.moduletestcase.login.LoginPageTest_TestNG@4007f65e]" name="tc_03_logOut" duration-ms="1807" started-at="2018-03-16T11:55:52Z" finished-at="2018-03-16T11:55:54Z">
          <reporter-output>
          </reporter-output>
        </test-method> <!-- tc_03_logOut -->
        <test-method status="PASS" signature="tearBrowser()[pri:0, instance:eduarte.moduletestcase.login.LoginPageTest_TestNG@4007f65e]" name="tearBrowser" is-config="true" duration-ms="322" started-at="2018-03-16T11:55:54Z" finished-at="2018-03-16T11:55:54Z">
          <reporter-output>
          </reporter-output>
        </test-method> <!-- tearBrowser -->
      </class> <!-- eduarte.moduletestcase.login.LoginPageTest_TestNG -->
    </test> <!-- Login Page Test -->
    <test name="Deelnemer Page Test" duration-ms="31162" started-at="2018-03-16T06:25:38Z" finished-at="2018-03-16T06:26:09Z">
      <class name="eduarte.modulestestcase.deelnemer.DeelnemerTest">
        <test-method status="PASS" signature="LaunchBrowser()[pri:0, instance:eduarte.modulestestcase.deelnemer.DeelnemerTest@6e2829c7]" name="LaunchBrowser" is-config="true" duration-ms="11175" started-at="2018-03-16T11:55:38Z" finished-at="2018-03-16T11:55:49Z">
          <reporter-output>
          </reporter-output>
        </test-method> <!-- LaunchBrowser -->
        <test-method status="PASS" signature="tc_1_clickAndVerifyDeelnemer()[pri:1, instance:eduarte.modulestestcase.deelnemer.DeelnemerTest@6e2829c7]" name="tc_1_clickAndVerifyDeelnemer" duration-ms="3597" started-at="2018-03-16T11:55:49Z" finished-at="2018-03-16T11:55:52Z">
          <reporter-output>
          </reporter-output>
        </test-method> <!-- tc_1_clickAndVerifyDeelnemer -->
        <test-method status="PASS" signature="tc_2_addNewDeelnemer_withAllMandatoryFields()[pri:2, instance:eduarte.modulestestcase.deelnemer.DeelnemerTest@6e2829c7]" name="tc_2_addNewDeelnemer_withAllMandatoryFields" duration-ms="16378" started-at="2018-03-16T11:55:52Z" finished-at="2018-03-16T11:56:09Z">
          <reporter-output>
          </reporter-output>
        </test-method> <!-- tc_2_addNewDeelnemer_withAllMandatoryFields -->
      </class> <!-- eduarte.modulestestcase.deelnemer.DeelnemerTest -->
    </test> <!-- Deelnemer Page Test -->
  </suite> <!-- Login -->
</testng-results>
